<?xml version="1.0" encoding="UTF-8"?>
<!-- Generated by org.testng.reporters.JUnitReportReporter -->
<testsuite hostname="LAPTOP-O3J98I7D" failures="0" tests="5" name="com.qa.opencart.tests.HomePageTest" time="12.696" errors="0" timestamp="2024-02-13T12:51:38 IST" skipped="0">
  <testcase classname="com.qa.opencart.tests.HomePageTest" name="searchTest" time="3.432"/>
  <testcase classname="com.qa.opencart.tests.HomePageTest" name="homePageURLTest" time="0.696"/>
  <testcase classname="com.qa.opencart.tests.HomePageTest" name="searchTest" time="5.134"/>
  <testcase classname="com.qa.opencart.tests.HomePageTest" name="searchTest" time="3.412"/>
  <testcase classname="com.qa.opencart.tests.HomePageTest" name="homePageTitleTest" time="0.022"/>
</testsuite> <!-- com.qa.opencart.tests.HomePageTest -->
