<?xml version="1.0" encoding="UTF-8"?>
<!-- Generated by org.testng.reporters.JUnitReportReporter -->
<testsuite hostname="LAPTOP-O3J98I7D" failures="0" tests="3" name="com.qa.opencart.tests.LoginPageTest" time="1.659" errors="0" timestamp="2024-02-13T12:51:38 IST" skipped="0">
  <testcase classname="com.qa.opencart.tests.LoginPageTest" name="loginPageNavigationTest" time="0.608"/>
  <testcase classname="com.qa.opencart.tests.LoginPageTest" name="forgotPwdLinkExistTest" time="0.324"/>
  <testcase classname="com.qa.opencart.tests.LoginPageTest" name="appLoginTest" time="0.727"/>
</testsuite> <!-- com.qa.opencart.tests.LoginPageTest -->
